<?xml version="1.0" encoding="UTF-8"?>
<!-- Generated by org.testng.reporters.JUnitReportReporter -->
<testsuite skipped="0" hostname="LAPTOP-TG5V08A8" name="org.test.Snamp_Deal" tests="1" failures="0" timestamp="20 Jun 2022 14:48:34 GMT" time="10.645" errors="0">
  <testcase name="tc1" time="10.645" classname="org.test.Snamp_Deal"/>
</testsuite> <!-- org.test.Snamp_Deal -->
