<?xml version="1.0" encoding="UTF-8"?>
<!-- Generated by org.testng.reporters.JUnitReportReporter -->
<testsuite skipped="0" hostname="LAPTOP-TG5V08A8" name="org.sample.A" tests="2" failures="0" timestamp="20 Jun 2022 10:50:28 GMT" time="0.000" errors="0">
  <testcase name="tc22" time="0.000" classname="org.sample.A"/>
  <testcase name="tc11" time="0.000" classname="org.sample.A"/>
</testsuite> <!-- org.sample.A -->
