<?xml version="1.0" encoding="UTF-8"?>
<!-- Generated by org.testng.reporters.JUnitReportReporter -->
<testsuite skipped="0" hostname="LAPTOP-TG5V08A8" name="org.data1.DataProvider" tests="2" failures="0" timestamp="19 Jun 2022 09:21:34 GMT" time="8.639" errors="0">
  <testcase name="tc1" time="5.639" classname="org.data1.DataProvider"/>
  <testcase name="tc1" time="3.000" classname="org.data1.DataProvider"/>
</testsuite> <!-- org.data1.DataProvider -->
