<?xml version="1.0" encoding="UTF-8"?>
<!-- Generated by org.testng.reporters.JUnitReportReporter -->
<testsuite skipped="0" hostname="LAPTOP-TG5V08A8" name="org.check.Checks" tests="1" failures="0" timestamp="20 Jun 2022 10:38:09 GMT" time="0.218" errors="0">
  <testcase name="tc1" time="0.218" classname="org.check.Checks"/>
</testsuite> <!-- org.check.Checks -->
