<?xml version="1.0" encoding="UTF-8"?>
<!-- Generated by org.testng.reporters.JUnitReportReporter -->
<testsuite skipped="1" hostname="LAPTOP-TG5V08A8" name="org.test.Testing" tests="1" failures="0" timestamp="19 Jun 2022 09:51:57 GMT" time="0.000" errors="0">
  <testcase name="tc1" time="0.000" classname="org.test.Testing">
    <skipped/>
  </testcase> <!-- tc1 -->
</testsuite> <!-- org.test.Testing -->
