<?xml version="1.0" encoding="UTF-8"?>
<!-- Generated by org.testng.reporters.JUnitReportReporter -->
<testsuite skipped="0" hostname="LAPTOP-TG5V08A8" name="org.sample.B" tests="2" failures="0" timestamp="20 Jun 2022 10:51:29 GMT" time="0.015" errors="0">
  <testcase name="tc1" time="0.015" classname="org.sample.B"/>
  <testcase name="tc2" time="0.000" classname="org.sample.B"/>
</testsuite> <!-- org.sample.B -->
